<?xml version="1.0" encoding="UTF-8"?>
<!-- Generated by org.testng.reporters.JUnitReportReporter -->
<testsuite hostname="TRNROOM10-29" name="com.qa.amazon.tests.VerifyKindleTest" tests="2" failures="0" timestamp="23 Sep 2019 10:23:55 GMT" time="30.431" errors="0">
  <testcase name="verifyKindleTest" time="16.351" classname="com.qa.amazon.tests.VerifyKindleTest"/>
  <testcase name="shopByCategoryclickTest" time="14.080" classname="com.qa.amazon.tests.VerifyKindleTest"/>
</testsuite> <!-- com.qa.amazon.tests.VerifyKindleTest -->
